Build started 21.11.2015 16:30:06.
     1>Project "c:\Users\User\documents\visual studio 2010\Projects\Geometr\Geometr\Geometr.vcxproj" on node 2 (build target(s)).
     1>InitializeBuildStatus:
         Touching "Debug\Geometr.unsuccessfulbuild".
       ClCompile:
         All outputs are up-to-date.
         All outputs are up-to-date.
         All outputs are up-to-date.
       Link:
         D:\Program Files (x86)\Microsoft Visual Studio 10.0\VC\bin\link.exe /ERRORREPORT:PROMPT /OUT:"c:\users\user\documents\visual studio 2010\Projects\Geometr\Debug\Geometr.dll" /INCREMENTAL:NO /NOLOGO kernel32.lib user32.lib gdi32.lib winspool.lib comdlg32.lib advapi32.lib shell32.lib ole32.lib oleaut32.lib uuid.lib odbc32.lib odbccp32.lib /MANIFEST /ManifestFile:"Debug\Geometr.dll.intermediate.manifest" /MANIFESTUAC:"level='asInvoker' uiAccess='false'" /DEBUG /PDB:"c:\users\user\documents\visual studio 2010\Projects\Geometr\Debug\Geometr.pdb" /SUBSYSTEM:WINDOWS /TLBID:1 /DYNAMICBASE /NXCOMPAT /IMPLIB:"c:\users\user\documents\visual studio 2010\Projects\Geometr\Debug\Geometr.lib" /MACHINE:X86 /DLL Debug\dllmain.obj
         Debug\Geometr.obj
         Debug\stdafx.obj
     1>dllmain.obj : warning LNK4075: ignoring '/EDITANDCONTINUE' due to '/INCREMENTAL:NO' specification
            Creating library c:\users\user\documents\visual studio 2010\Projects\Geometr\Debug\Geometr.lib and object c:\users\user\documents\visual studio 2010\Projects\Geometr\Debug\Geometr.exp
         Geometr.vcxproj -> c:\users\user\documents\visual studio 2010\Projects\Geometr\Debug\Geometr.dll
       Manifest:
         C:\Program Files (x86)\Microsoft SDKs\Windows\v7.0A\bin\mt.exe /nologo /verbose /outputresource:"c:\users\user\documents\visual studio 2010\Projects\Geometr\Debug\Geometr.dll;#2" /manifest Debug\Geometr.dll.intermediate.manifest
       FinalizeBuildStatus:
         Deleting file "Debug\Geometr.unsuccessfulbuild".
         Touching "Debug\Geometr.lastbuildstate".
     1>Done Building Project "c:\Users\User\documents\visual studio 2010\Projects\Geometr\Geometr\Geometr.vcxproj" (build target(s)).

Build succeeded.

Time Elapsed 00:00:00.89
