F:\1\GEOMETR\DEBUG_CLR\RENDER.EXE
F:\1\GEOMETR\DEBUG_CLR\RENDER.PDB
F:\1\GEOMETR\RENDER\DEBUG_CLR\.NETFRAMEWORK,VERSION=V4.0.ASSEMBLYATTRIBUTES.OBJ
F:\1\GEOMETR\RENDER\DEBUG_CLR\APP.RES
F:\1\GEOMETR\RENDER\DEBUG_CLR\ASSEMBLYINFO.OBJ
F:\1\geometr\Render\Debug_clr\cl.command.1.tlog
F:\1\geometr\Render\Debug_clr\CL.read.1.tlog
F:\1\geometr\Render\Debug_clr\CL.write.1.tlog
F:\1\geometr\Render\Debug_clr\GenerateResource.read.1.tlog
F:\1\geometr\Render\Debug_clr\GenerateResource.write.1.tlog
F:\1\geometr\Render\Debug_clr\link.command.1.tlog
F:\1\geometr\Render\Debug_clr\link.read.1.tlog
F:\1\geometr\Render\Debug_clr\link.write.1.tlog
F:\1\geometr\Render\Debug_clr\link-cvtres.read.1.tlog
F:\1\geometr\Render\Debug_clr\link-cvtres.write.1.tlog
F:\1\geometr\Render\Debug_clr\metagen.read.1.tlog
F:\1\geometr\Render\Debug_clr\metagen.write.1.tlog
F:\1\geometr\Render\Debug_clr\mt.command.1.tlog
F:\1\geometr\Render\Debug_clr\mt.read.1.tlog
F:\1\geometr\Render\Debug_clr\mt.write.1.tlog
F:\1\geometr\Render\Debug_clr\rc.command.1.tlog
F:\1\geometr\Render\Debug_clr\rc.read.1.tlog
F:\1\geometr\Render\Debug_clr\rc.write.1.tlog
F:\1\GEOMETR\RENDER\DEBUG_CLR\RENDER.EXE.INTERMEDIATE.MANIFEST
F:\1\GEOMETR\RENDER\DEBUG_CLR\RENDER.FORM1.RESOURCES
F:\1\GEOMETR\RENDER\DEBUG_CLR\RENDER.OBJ
F:\1\GEOMETR\RENDER\DEBUG_CLR\RENDER.PCH
F:\1\geometr\Render\Debug_clr\Render.write.1.tlog
F:\1\geometr\Render\Debug_clr\RSAENH.DLL.bi
F:\1\GEOMETR\RENDER\DEBUG_CLR\STDAFX.OBJ
F:\1\geometr\Render\Debug_clr\TZRES.DLL.bi
F:\1\GEOMETR\RENDER\DEBUG_CLR\VC100.PDB
