Build started 26.11.2015 20:59:52.
     1>Project "C:\Users\User\Documents\Visual Studio 2010\Projects\Geometr\Geometr\Geometr.vcxproj" on node 2 (rebuild target(s)).
     1>_PrepareForClean:
         Deleting file "Release\Geometr.lastbuildstate".
       InitializeBuildStatus:
         Creating "Release\Geometr.unsuccessfulbuild" because "AlwaysCreate" was specified.
       ClCompile:
         D:\Program Files (x86)\Microsoft Visual Studio 10.0\VC\bin\CL.exe /c /Zi /nologo /W3 /WX- /O2 /Oi /Oy- /GL /D WIN32 /D NDEBUG /D _WINDOWS /D _USRDLL /D GEOMETR_EXPORTS /D _WINDLL /D _UNICODE /D UNICODE /Gm- /EHsc /MD /GS /Gy /fp:precise /Zc:wchar_t /Zc:forScope /Yc"StdAfx.h" /Fp"Release\Geometr.pch" /Fo"Release\\" /Fd"Release\vc100.pdb" /Gd /TP /analyze- /errorReport:prompt stdafx.cpp
         stdafx.cpp
         D:\Program Files (x86)\Microsoft Visual Studio 10.0\VC\bin\CL.exe /c /Zi /nologo /W3 /WX- /O2 /Oi /Oy- /GL /D WIN32 /D NDEBUG /D _WINDOWS /D _USRDLL /D GEOMETR_EXPORTS /D _WINDLL /D _UNICODE /D UNICODE /Gm- /EHsc /MD /GS /Gy /fp:precise /Zc:wchar_t /Zc:forScope /Fo"Release\\" /Fd"Release\vc100.pdb" /Gd /TP /analyze- /errorReport:prompt dllmain.cpp
         dllmain.cpp
         D:\Program Files (x86)\Microsoft Visual Studio 10.0\VC\bin\CL.exe /c /Zi /nologo /W3 /WX- /O2 /Oi /Oy- /GL /D WIN32 /D NDEBUG /D _WINDOWS /D _USRDLL /D GEOMETR_EXPORTS /D _WINDLL /D _UNICODE /D UNICODE /Gm- /EHsc /MD /GS /Gy /fp:precise /Zc:wchar_t /Zc:forScope /Yu"StdAfx.h" /Fp"Release\Geometr.pch" /Fo"Release\\" /Fd"Release\vc100.pdb" /Gd /TP /analyze- /errorReport:prompt Geometr.cpp
         Geometr.cpp
       Link:
         D:\Program Files (x86)\Microsoft Visual Studio 10.0\VC\bin\link.exe /ERRORREPORT:PROMPT /OUT:"C:\Users\User\Documents\Visual Studio 2010\Projects\Geometr\Release\Geometr.dll" /INCREMENTAL:NO /NOLOGO kernel32.lib user32.lib gdi32.lib winspool.lib comdlg32.lib advapi32.lib shell32.lib ole32.lib oleaut32.lib uuid.lib odbc32.lib odbccp32.lib /MANIFEST /ManifestFile:"Release\Geometr.dll.intermediate.manifest" /MANIFESTUAC:"level='asInvoker' uiAccess='false'" /DEBUG /PDB:"C:\Users\User\Documents\Visual Studio 2010\Projects\Geometr\Release\Geometr.pdb" /SUBSYSTEM:WINDOWS /OPT:REF /OPT:ICF /LTCG /TLBID:1 /DYNAMICBASE /NXCOMPAT /IMPLIB:"C:\Users\User\Documents\Visual Studio 2010\Projects\Geometr\Release\Geometr.lib" /MACHINE:X86 /DLL Release\dllmain.obj
         Release\Geometr.obj
         Release\stdafx.obj
            Creating library C:\Users\User\Documents\Visual Studio 2010\Projects\Geometr\Release\Geometr.lib and object C:\Users\User\Documents\Visual Studio 2010\Projects\Geometr\Release\Geometr.exp
         Generating code
         Finished generating code
         Geometr.vcxproj -> C:\Users\User\Documents\Visual Studio 2010\Projects\Geometr\Release\Geometr.dll
       Manifest:
         C:\Program Files (x86)\Microsoft SDKs\Windows\v7.0A\bin\mt.exe /nologo /verbose /outputresource:"C:\Users\User\Documents\Visual Studio 2010\Projects\Geometr\Release\Geometr.dll;#2" /manifest Release\Geometr.dll.intermediate.manifest
       FinalizeBuildStatus:
         Deleting file "Release\Geometr.unsuccessfulbuild".
         Touching "Release\Geometr.lastbuildstate".
     1>Done Building Project "C:\Users\User\Documents\Visual Studio 2010\Projects\Geometr\Geometr\Geometr.vcxproj" (rebuild target(s)).

Build succeeded.

Time Elapsed 00:00:02.58
