C:\Users\User\Documents\Visual Studio 2010\Projects\Geometr\Geometr\Release\cl.command.1.tlog
C:\Users\User\Documents\Visual Studio 2010\Projects\Geometr\Geometr\Release\CL.read.1.tlog
C:\Users\User\Documents\Visual Studio 2010\Projects\Geometr\Geometr\Release\CL.write.1.tlog
C:\USERS\USER\DOCUMENTS\VISUAL STUDIO 2010\PROJECTS\GEOMETR\GEOMETR\RELEASE\DLLMAIN.OBJ
C:\USERS\USER\DOCUMENTS\VISUAL STUDIO 2010\PROJECTS\GEOMETR\GEOMETR\RELEASE\GEOMETR.DLL.INTERMEDIATE.MANIFEST
C:\USERS\USER\DOCUMENTS\VISUAL STUDIO 2010\PROJECTS\GEOMETR\GEOMETR\RELEASE\GEOMETR.OBJ
C:\USERS\USER\DOCUMENTS\VISUAL STUDIO 2010\PROJECTS\GEOMETR\GEOMETR\RELEASE\GEOMETR.PCH
C:\Users\User\Documents\Visual Studio 2010\Projects\Geometr\Geometr\Release\Geometr.vcxprojResolveAssemblyReference.cache
C:\Users\User\Documents\Visual Studio 2010\Projects\Geometr\Geometr\Release\Geometr.write.1.tlog
C:\Users\User\Documents\Visual Studio 2010\Projects\Geometr\Geometr\Release\link.command.1.tlog
C:\Users\User\Documents\Visual Studio 2010\Projects\Geometr\Geometr\Release\link.read.1.tlog
C:\Users\User\Documents\Visual Studio 2010\Projects\Geometr\Geometr\Release\link.write.1.tlog
C:\Users\User\Documents\Visual Studio 2010\Projects\Geometr\Geometr\Release\mt.command.1.tlog
C:\Users\User\Documents\Visual Studio 2010\Projects\Geometr\Geometr\Release\mt.read.1.tlog
C:\Users\User\Documents\Visual Studio 2010\Projects\Geometr\Geometr\Release\mt.write.1.tlog
C:\USERS\USER\DOCUMENTS\VISUAL STUDIO 2010\PROJECTS\GEOMETR\GEOMETR\RELEASE\STDAFX.OBJ
C:\USERS\USER\DOCUMENTS\VISUAL STUDIO 2010\PROJECTS\GEOMETR\GEOMETR\RELEASE\VC100.PDB
C:\USERS\USER\DOCUMENTS\VISUAL STUDIO 2010\PROJECTS\GEOMETR\RELEASE\GEOMETR.DLL
c:\Users\User\Documents\Visual Studio 2010\Projects\Geometr\Release\Geometr.exp
c:\Users\User\Documents\Visual Studio 2010\Projects\Geometr\Release\Geometr.lib
C:\USERS\USER\DOCUMENTS\VISUAL STUDIO 2010\PROJECTS\GEOMETR\RELEASE\GEOMETR.PDB
